TN:
SF:src\App.jsx
FN:18,App
FN:39,(anonymous_1)
FN:54,(anonymous_2)
FN:55,(anonymous_3)
FN:82,(anonymous_4)
FN:83,(anonymous_5)
FN:92,(anonymous_6)
FN:93,(anonymous_7)
FN:104,(anonymous_8)
FN:108,(anonymous_9)
FN:112,(anonymous_10)
FN:116,(anonymous_11)
FN:123,(anonymous_12)
FN:133,(anonymous_13)
FN:144,(anonymous_14)
FN:149,(anonymous_15)
FN:154,(anonymous_16)
FN:155,(anonymous_17)
FN:160,(anonymous_18)
FN:164,(anonymous_19)
FN:171,(anonymous_20)
FN:188,(anonymous_21)
FN:208,(anonymous_22)
FN:219,(anonymous_23)
FN:220,(anonymous_24)
FN:266,(anonymous_25)
FN:270,(anonymous_26)
FNF:27
FNH:14
FNDA:65,App
FNDA:17,(anonymous_1)
FNDA:0,(anonymous_2)
FNDA:0,(anonymous_3)
FNDA:2,(anonymous_4)
FNDA:2,(anonymous_5)
FNDA:2,(anonymous_6)
FNDA:2,(anonymous_7)
FNDA:0,(anonymous_8)
FNDA:0,(anonymous_9)
FNDA:0,(anonymous_10)
FNDA:0,(anonymous_11)
FNDA:0,(anonymous_12)
FNDA:0,(anonymous_13)
FNDA:0,(anonymous_14)
FNDA:0,(anonymous_15)
FNDA:0,(anonymous_16)
FNDA:0,(anonymous_17)
FNDA:2,(anonymous_18)
FNDA:1,(anonymous_19)
FNDA:0,(anonymous_20)
FNDA:4,(anonymous_21)
FNDA:3,(anonymous_22)
FNDA:49,(anonymous_23)
FNDA:4,(anonymous_24)
FNDA:49,(anonymous_25)
FNDA:37,(anonymous_26)
DA:19,65
DA:20,65
DA:21,65
DA:22,65
DA:23,65
DA:24,65
DA:34,65
DA:39,65
DA:40,17
DA:47,17
DA:48,17
DA:54,65
DA:55,0
DA:56,0
DA:58,0
DA:61,0
DA:62,0
DA:64,0
DA:67,0
DA:68,0
DA:75,0
DA:82,65
DA:83,2
DA:84,2
DA:85,2
DA:92,65
DA:93,2
DA:94,2
DA:96,2
DA:97,2
DA:98,2
DA:104,65
DA:105,0
DA:108,65
DA:109,0
DA:112,65
DA:113,0
DA:116,65
DA:117,0
DA:123,65
DA:124,0
DA:125,0
DA:126,0
DA:133,65
DA:134,0
DA:136,0
DA:137,0
DA:144,65
DA:145,0
DA:146,0
DA:149,65
DA:150,0
DA:151,0
DA:154,65
DA:155,65
DA:160,65
DA:161,2
DA:164,65
DA:165,1
DA:171,65
DA:172,0
DA:173,0
DA:176,0
DA:178,0
DA:179,0
DA:180,0
DA:182,0
DA:188,65
DA:189,4
DA:192,4
DA:193,0
DA:194,0
DA:197,4
DA:200,4
DA:201,4
DA:208,65
DA:209,3
DA:210,1
DA:211,2
DA:212,1
DA:219,65
DA:220,49
DA:222,4
DA:223,1
DA:224,1
DA:228,4
DA:229,1
DA:230,1
DA:234,4
DA:235,0
DA:236,0
DA:240,4
DA:242,0
DA:243,0
DA:247,4
DA:248,0
DA:249,0
DA:253,4
DA:254,0
DA:255,0
DA:259,4
DA:260,1
DA:261,1
DA:265,49
DA:266,49
DA:270,65
DA:272,65
LF:107
LH:67
BRDA:56,0,0,0
BRDA:56,0,1,0
BRDA:61,1,0,0
BRDA:61,1,1,0
BRDA:61,2,0,0
BRDA:61,2,1,0
BRDA:61,2,2,0
BRDA:64,3,0,0
BRDA:64,3,1,0
BRDA:64,3,2,0
BRDA:67,4,0,0
BRDA:67,4,1,0
BRDA:84,5,0,2
BRDA:84,5,1,0
BRDA:94,6,0,0
BRDA:94,6,1,2
BRDA:124,7,0,0
BRDA:124,7,1,0
BRDA:124,8,0,0
BRDA:124,8,1,0
BRDA:136,9,0,0
BRDA:136,9,1,0
BRDA:146,10,0,0
BRDA:146,10,1,0
BRDA:151,11,0,0
BRDA:151,11,1,0
BRDA:172,12,0,0
BRDA:172,12,1,0
BRDA:176,13,0,0
BRDA:176,13,1,0
BRDA:179,14,0,0
BRDA:179,14,1,0
BRDA:192,15,0,0
BRDA:192,15,1,4
BRDA:200,16,0,4
BRDA:200,16,1,0
BRDA:209,17,0,1
BRDA:209,17,1,2
BRDA:209,18,0,3
BRDA:209,18,1,3
BRDA:211,19,0,1
BRDA:211,19,1,1
BRDA:222,20,0,1
BRDA:222,20,1,3
BRDA:222,21,0,4
BRDA:222,21,1,1
BRDA:228,22,0,1
BRDA:228,22,1,3
BRDA:228,23,0,4
BRDA:228,23,1,2
BRDA:228,23,2,2
BRDA:228,23,3,1
BRDA:234,24,0,0
BRDA:234,24,1,4
BRDA:234,25,0,4
BRDA:234,25,1,2
BRDA:234,25,2,2
BRDA:234,25,3,0
BRDA:240,26,0,0
BRDA:240,26,1,4
BRDA:240,27,0,4
BRDA:240,27,1,2
BRDA:240,27,2,2
BRDA:240,27,3,0
BRDA:240,27,4,4
BRDA:240,27,5,2
BRDA:240,27,6,2
BRDA:247,28,0,0
BRDA:247,28,1,4
BRDA:247,29,0,4
BRDA:247,29,1,2
BRDA:247,29,2,2
BRDA:247,29,3,0
BRDA:253,30,0,0
BRDA:253,30,1,4
BRDA:253,31,0,4
BRDA:253,31,1,2
BRDA:253,31,2,2
BRDA:253,31,3,0
BRDA:259,32,0,1
BRDA:259,32,1,3
BRDA:259,33,0,4
BRDA:259,33,1,1
BRDA:270,34,0,65
BRDA:270,34,1,41
BRDA:359,35,0,24
BRDA:359,35,1,41
BRDA:361,36,0,24
BRDA:361,36,1,41
BRDA:366,37,0,65
BRDA:366,37,1,2
BRF:91
BRH:51
end_of_record
TN:
SF:src\components\Canvas\Canvas.jsx
FN:7,(anonymous_0)
FN:18,(anonymous_1)
FN:27,(anonymous_2)
FN:37,(anonymous_3)
FN:67,(anonymous_4)
FN:89,(anonymous_5)
FN:94,(anonymous_6)
FNF:7
FNH:5
FNDA:84,(anonymous_0)
FNDA:0,(anonymous_1)
FNDA:0,(anonymous_2)
FNDA:17,(anonymous_3)
FNDA:9,(anonymous_4)
FNDA:93,(anonymous_5)
FNDA:1,(anonymous_6)
DA:7,2
DA:8,84
DA:9,84
DA:10,84
DA:13,84
DA:18,84
DA:19,0
DA:20,0
DA:21,0
DA:27,84
DA:28,0
DA:29,0
DA:30,0
DA:37,84
DA:38,17
DA:39,17
DA:40,17
DA:42,17
DA:43,17
DA:45,17
DA:46,17
DA:49,17
DA:50,17
DA:53,17
DA:55,17
DA:61,17
DA:67,84
DA:68,9
DA:69,1
DA:73,84
DA:90,93
DA:94,1
DA:110,2
LF:33
LH:27
BRDA:7,0,0,0
BRDA:9,1,0,84
BRDA:9,1,1,24
BRDA:13,2,0,0
BRDA:13,2,1,84
BRDA:13,3,0,84
BRDA:13,3,1,84
BRDA:29,4,0,0
BRDA:29,4,1,0
BRDA:43,5,0,0
BRDA:43,5,1,17
BRDA:49,6,0,17
BRDA:49,6,1,0
BRDA:50,7,0,17
BRDA:50,7,1,1
BRDA:68,8,0,1
BRDA:68,8,1,8
BRDA:76,9,0,0
BRDA:76,9,1,84
BRDA:96,10,0,19
BRDA:96,10,1,74
BRDA:101,11,0,84
BRDA:101,11,1,0
BRF:23
BRH:15
end_of_record
TN:
SF:src\components\CanvasComponent\CanvasComponent.jsx
FN:6,(anonymous_0)
FN:17,(anonymous_1)
FN:40,(anonymous_2)
FN:68,(anonymous_3)
FN:77,(anonymous_4)
FN:95,(anonymous_5)
FN:191,(anonymous_6)
FN:198,(anonymous_7)
FN:212,(anonymous_8)
FN:224,(anonymous_9)
FN:321,(anonymous_10)
FN:331,(anonymous_11)
FN:332,(anonymous_12)
FN:336,(anonymous_13)
FN:337,(anonymous_14)
FN:348,(anonymous_15)
FN:349,(anonymous_16)
FN:353,(anonymous_17)
FN:354,(anonymous_18)
FN:358,(anonymous_19)
FN:359,(anonymous_20)
FN:363,(anonymous_21)
FN:364,(anonymous_22)
FNF:23
FNH:4
FNDA:26,(anonymous_0)
FNDA:0,(anonymous_1)
FNDA:0,(anonymous_2)
FNDA:0,(anonymous_3)
FNDA:0,(anonymous_4)
FNDA:0,(anonymous_5)
FNDA:19,(anonymous_6)
FNDA:0,(anonymous_7)
FNDA:0,(anonymous_8)
FNDA:26,(anonymous_9)
FNDA:26,(anonymous_10)
FNDA:0,(anonymous_11)
FNDA:0,(anonymous_12)
FNDA:0,(anonymous_13)
FNDA:0,(anonymous_14)
FNDA:0,(anonymous_15)
FNDA:0,(anonymous_16)
FNDA:0,(anonymous_17)
FNDA:0,(anonymous_18)
FNDA:0,(anonymous_19)
FNDA:0,(anonymous_20)
FNDA:0,(anonymous_21)
FNDA:0,(anonymous_22)
DA:6,1
DA:7,26
DA:8,26
DA:9,26
DA:10,26
DA:11,26
DA:12,26
DA:17,26
DA:18,0
DA:20,0
DA:21,0
DA:23,0
DA:25,0
DA:26,0
DA:28,0
DA:30,0
DA:31,0
DA:40,26
DA:41,0
DA:43,0
DA:44,0
DA:46,0
DA:48,0
DA:49,0
DA:52,0
DA:53,0
DA:56,0
DA:58,0
DA:60,0
DA:68,26
DA:69,0
DA:70,0
DA:71,0
DA:77,26
DA:78,0
DA:80,0
DA:81,0
DA:83,0
DA:84,0
DA:85,0
DA:86,0
DA:95,26
DA:96,0
DA:98,0
DA:99,0
DA:101,0
DA:102,0
DA:105,0
DA:107,0
DA:108,0
DA:109,0
DA:110,0
DA:113,0
DA:116,0
DA:118,0
DA:119,0
DA:120,0
DA:122,0
DA:123,0
DA:124,0
DA:125,0
DA:126,0
DA:128,0
DA:129,0
DA:130,0
DA:133,0
DA:134,0
DA:136,0
DA:137,0
DA:138,0
DA:140,0
DA:142,0
DA:143,0
DA:144,0
DA:146,0
DA:147,0
DA:148,0
DA:149,0
DA:151,0
DA:152,0
DA:155,0
DA:156,0
DA:158,0
DA:159,0
DA:160,0
DA:161,0
DA:162,0
DA:163,0
DA:165,0
DA:166,0
DA:168,0
DA:169,0
DA:170,0
DA:171,0
DA:173,0
DA:174,0
DA:175,0
DA:176,0
DA:177,0
DA:180,0
DA:191,26
DA:192,19
DA:193,0
DA:194,0
DA:195,0
DA:196,0
DA:198,0
DA:199,0
DA:200,0
DA:201,0
DA:202,0
DA:206,19
DA:207,0
DA:208,0
DA:209,0
DA:210,0
DA:212,0
DA:213,0
DA:214,0
DA:215,0
DA:216,0
DA:224,26
DA:225,26
DA:227,26
DA:229,18
DA:250,1
DA:269,4
DA:283,2
DA:297,1
DA:314,0
DA:321,26
DA:322,26
DA:323,26
DA:326,18
DA:327,12
DA:331,0
DA:332,0
DA:336,0
DA:337,0
DA:344,6
DA:348,0
DA:349,0
DA:353,0
DA:354,0
DA:358,0
DA:359,0
DA:363,0
DA:364,0
DA:370,26
LF:149
LH:30
BRDA:18,0,0,0
BRDA:18,0,1,0
BRDA:23,1,0,0
BRDA:23,1,1,0
BRDA:25,2,0,0
BRDA:25,2,1,0
BRDA:26,3,0,0
BRDA:26,3,1,0
BRDA:41,4,0,0
BRDA:41,4,1,0
BRDA:41,5,0,0
BRDA:41,5,1,0
BRDA:43,6,0,0
BRDA:43,6,1,0
BRDA:44,7,0,0
BRDA:44,7,1,0
BRDA:49,8,0,0
BRDA:49,8,1,0
BRDA:80,9,0,0
BRDA:80,9,1,0
BRDA:81,10,0,0
BRDA:81,10,1,0
BRDA:87,11,0,0
BRDA:87,11,1,0
BRDA:88,12,0,0
BRDA:88,12,1,0
BRDA:96,13,0,0
BRDA:96,13,1,0
BRDA:96,14,0,0
BRDA:96,14,1,0
BRDA:96,14,2,0
BRDA:98,15,0,0
BRDA:98,15,1,0
BRDA:99,16,0,0
BRDA:99,16,1,0
BRDA:116,17,0,0
BRDA:116,17,1,0
BRDA:116,17,2,0
BRDA:116,17,3,0
BRDA:116,17,4,0
BRDA:116,17,5,0
BRDA:129,18,0,0
BRDA:129,18,1,0
BRDA:137,19,0,0
BRDA:137,19,1,0
BRDA:147,20,0,0
BRDA:147,20,1,0
BRDA:159,21,0,0
BRDA:159,21,1,0
BRDA:192,22,0,0
BRDA:192,22,1,19
BRDA:206,23,0,0
BRDA:206,23,1,19
BRDA:227,24,0,18
BRDA:227,24,1,1
BRDA:227,24,2,4
BRDA:227,24,3,2
BRDA:227,24,4,1
BRDA:227,24,5,0
BRDA:285,25,0,2
BRDA:285,25,1,2
BRDA:323,26,0,8
BRDA:323,26,1,18
BRDA:323,27,0,26
BRDA:323,27,1,19
BRDA:326,28,0,12
BRDA:326,28,1,6
BRDA:373,29,0,19
BRDA:373,29,1,7
BRDA:374,30,0,0
BRDA:374,30,1,26
BRDA:375,31,0,0
BRDA:375,31,1,26
BRDA:380,32,0,0
BRDA:380,32,1,26
BRDA:380,33,0,26
BRDA:380,33,1,26
BRDA:381,34,0,0
BRDA:381,34,1,26
BRDA:381,35,0,0
BRDA:381,35,1,26
BRDA:389,36,0,26
BRDA:389,36,1,19
BRF:83
BRH:26
end_of_record
TN:
SF:src\components\ComponentPalette\ComponentPalette.jsx
FN:37,(anonymous_0)
FN:37,(anonymous_1)
FN:41,(anonymous_2)
FN:53,(anonymous_3)
FN:81,(anonymous_4)
FN:86,(anonymous_5)
FNF:6
FNH:5
FNDA:85,(anonymous_0)
FNDA:0,(anonymous_1)
FNDA:26,(anonymous_2)
FNDA:1,(anonymous_3)
FNDA:425,(anonymous_4)
FNDA:26,(anonymous_5)
DA:4,2
DA:37,2
DA:41,85
DA:42,26
DA:43,26
DA:45,26
DA:46,0
DA:53,85
DA:54,1
DA:57,85
DA:82,425
DA:86,26
LF:12
LH:11
BRDA:37,0,0,3
BRDA:37,1,0,1
BRDA:45,2,0,0
BRDA:45,2,1,26
BRDA:61,3,0,4
BRDA:61,3,1,81
BRDA:65,4,0,4
BRDA:65,4,1,81
BRF:8
BRH:7
end_of_record
TN:
SF:src\components\ExportModal\ExportModal.jsx
FN:19,(anonymous_0)
FN:27,(anonymous_1)
FN:43,(anonymous_2)
FN:49,(anonymous_3)
FN:56,(anonymous_4)
FN:69,(anonymous_5)
FN:81,(anonymous_6)
FN:86,(anonymous_7)
FN:103,(anonymous_8)
FN:112,(anonymous_9)
FN:265,(anonymous_10)
FN:273,(anonymous_11)
FN:281,(anonymous_12)
FNF:13
FNH:4
FNDA:2,(anonymous_0)
FNDA:2,(anonymous_1)
FNDA:0,(anonymous_2)
FNDA:0,(anonymous_3)
FNDA:0,(anonymous_4)
FNDA:0,(anonymous_5)
FNDA:0,(anonymous_6)
FNDA:0,(anonymous_7)
FNDA:1,(anonymous_8)
FNDA:2,(anonymous_9)
FNDA:0,(anonymous_10)
FNDA:0,(anonymous_11)
FNDA:0,(anonymous_12)
DA:13,1
DA:19,1
DA:20,2
DA:21,2
DA:22,2
DA:23,2
DA:24,2
DA:27,2
DA:28,2
DA:29,0
DA:30,0
DA:31,0
DA:32,0
DA:33,0
DA:34,0
DA:35,0
DA:43,2
DA:44,0
DA:45,0
DA:47,0
DA:48,0
DA:49,0
DA:56,2
DA:57,0
DA:58,0
DA:59,0
DA:60,0
DA:61,0
DA:62,0
DA:69,2
DA:70,0
DA:71,0
DA:72,0
DA:73,0
DA:81,2
DA:82,0
DA:83,0
DA:85,0
DA:86,0
DA:87,0
DA:88,0
DA:89,0
DA:90,0
DA:91,0
DA:92,0
DA:94,0
DA:97,0
DA:103,2
DA:104,1
DA:105,0
DA:112,2
DA:113,2
DA:114,2
DA:125,0
DA:127,0
DA:170,0
DA:207,0
DA:242,0
DA:246,2
DA:265,0
DA:273,0
DA:281,0
LF:62
LH:19
BRDA:19,0,0,0
BRDA:28,1,0,0
BRDA:28,1,1,2
BRDA:29,2,0,0
BRDA:29,2,1,0
BRDA:30,3,0,0
BRDA:30,3,1,0
BRDA:32,4,0,0
BRDA:32,4,1,0
BRDA:33,5,0,0
BRDA:33,5,1,0
BRDA:35,6,0,0
BRDA:35,6,1,0
BRDA:44,7,0,0
BRDA:44,7,1,0
BRDA:47,8,0,0
BRDA:47,8,1,0
BRDA:57,9,0,0
BRDA:57,9,1,0
BRDA:60,10,0,0
BRDA:60,10,1,0
BRDA:70,11,0,0
BRDA:70,11,1,0
BRDA:70,12,0,0
BRDA:70,12,1,0
BRDA:72,13,0,0
BRDA:72,13,1,0
BRDA:83,14,0,0
BRDA:83,14,1,0
BRDA:104,15,0,0
BRDA:104,15,1,1
BRDA:113,16,0,2
BRDA:113,16,1,0
BRDA:113,17,0,2
BRDA:113,17,1,2
BRDA:125,18,0,0
BRDA:125,18,1,0
BRDA:125,18,2,0
BRDA:125,18,3,0
BRDA:141,19,0,0
BRDA:141,19,1,0
BRDA:145,20,0,0
BRDA:145,20,1,0
BRDA:184,21,0,0
BRDA:184,21,1,0
BRDA:188,22,0,0
BRDA:188,22,1,0
BRDA:210,23,0,0
BRDA:210,23,1,0
BRDA:263,24,0,2
BRDA:263,24,1,0
BRDA:271,25,0,0
BRDA:271,25,1,2
BRDA:279,26,0,0
BRDA:279,26,1,2
BRF:55
BRH:8
end_of_record
TN:
SF:src\components\PropertiesPanel\ButtonProperties.jsx
FN:5,(anonymous_0)
FN:6,(anonymous_1)
FN:20,(anonymous_2)
FN:27,(anonymous_3)
FN:34,(anonymous_4)
FN:44,(anonymous_5)
FN:54,(anonymous_6)
FN:60,(anonymous_7)
FN:66,(anonymous_8)
FNF:9
FNH:1
FNDA:1,(anonymous_0)
FNDA:0,(anonymous_1)
FNDA:0,(anonymous_2)
FNDA:0,(anonymous_3)
FNDA:0,(anonymous_4)
FNDA:0,(anonymous_5)
FNDA:0,(anonymous_6)
FNDA:0,(anonymous_7)
FNDA:0,(anonymous_8)
DA:5,1
DA:6,1
DA:7,0
DA:15,1
DA:20,0
DA:27,0
DA:34,0
DA:44,0
DA:54,0
DA:60,0
DA:66,0
LF:11
LH:3
BRF:0
BRH:0
end_of_record
TN:
SF:src\components\PropertiesPanel\FlexboxProperties.jsx
FN:4,(anonymous_0)
FN:7,(anonymous_1)
FN:21,(anonymous_2)
FN:27,(anonymous_3)
FN:36,(anonymous_4)
FN:45,(anonymous_5)
FN:54,(anonymous_6)
FNF:7
FNH:1
FNDA:3,(anonymous_0)
FNDA:0,(anonymous_1)
FNDA:0,(anonymous_2)
FNDA:0,(anonymous_3)
FNDA:0,(anonymous_4)
FNDA:0,(anonymous_5)
FNDA:0,(anonymous_6)
DA:4,1
DA:5,3
DA:7,3
DA:8,0
DA:16,3
DA:21,0
DA:27,0
DA:36,0
DA:45,0
DA:54,0
LF:10
LH:4
BRF:0
BRH:0
end_of_record
TN:
SF:src\components\PropertiesPanel\ImageProperties.jsx
FN:4,(anonymous_0)
FN:5,(anonymous_1)
FN:19,(anonymous_2)
FN:26,(anonymous_3)
FN:33,(anonymous_4)
FN:43,(anonymous_5)
FN:53,(anonymous_6)
FNF:7
FNH:1
FNDA:2,(anonymous_0)
FNDA:0,(anonymous_1)
FNDA:0,(anonymous_2)
FNDA:0,(anonymous_3)
FNDA:0,(anonymous_4)
FNDA:0,(anonymous_5)
FNDA:0,(anonymous_6)
DA:4,1
DA:5,2
DA:6,0
DA:14,2
DA:19,0
DA:26,0
DA:33,0
DA:43,0
DA:53,0
LF:9
LH:3
BRF:0
BRH:0
end_of_record
TN:
SF:src\components\PropertiesPanel\PropertiesPanel.jsx
FN:9,(anonymous_0)
FN:20,(anonymous_1)
FN:25,(anonymous_2)
FN:64,(anonymous_3)
FN:90,(anonymous_4)
FN:110,(anonymous_5)
FNF:6
FNH:4
FNDA:58,(anonymous_0)
FNDA:0,(anonymous_1)
FNDA:58,(anonymous_2)
FNDA:0,(anonymous_3)
FNDA:1,(anonymous_4)
FNDA:1,(anonymous_5)
DA:9,1
DA:25,58
DA:26,58
DA:27,39
DA:35,19
DA:40,19
DA:42,12
DA:45,1
DA:48,3
DA:51,2
DA:54,1
DA:57,0
DA:64,58
DA:65,0
DA:68,58
DA:90,1
DA:110,1
LF:17
LH:15
BRDA:19,0,0,0
BRDA:20,1,0,0
BRDA:26,2,0,39
BRDA:26,2,1,19
BRDA:40,3,0,12
BRDA:40,3,1,1
BRDA:40,3,2,3
BRDA:40,3,3,2
BRDA:40,3,4,1
BRDA:40,3,5,0
BRDA:72,4,0,0
BRDA:72,4,1,58
BRDA:76,5,0,0
BRDA:76,5,1,58
BRDA:87,6,0,58
BRDA:87,6,1,19
BRDA:99,7,0,58
BRDA:99,7,1,19
BRF:18
BRH:13
end_of_record
TN:
SF:src\components\PropertiesPanel\TextAreaProperties.jsx
FN:12,(anonymous_0)
FN:13,(anonymous_1)
FN:27,(anonymous_2)
FN:35,(anonymous_3)
FN:45,(anonymous_4)
FN:51,(anonymous_5)
FN:61,(anonymous_6)
FN:71,(anonymous_7)
FN:81,(anonymous_8)
FNF:9
FNH:1
FNDA:1,(anonymous_0)
FNDA:0,(anonymous_1)
FNDA:0,(anonymous_2)
FNDA:0,(anonymous_3)
FNDA:0,(anonymous_4)
FNDA:0,(anonymous_5)
FNDA:0,(anonymous_6)
FNDA:0,(anonymous_7)
FNDA:0,(anonymous_8)
DA:6,1
DA:12,1
DA:13,1
DA:14,0
DA:22,1
DA:27,0
DA:35,0
DA:45,0
DA:51,0
DA:61,0
DA:71,0
DA:81,0
LF:12
LH:4
BRF:0
BRH:0
end_of_record
TN:
SF:src\components\PropertiesPanel\TextProperties.jsx
FN:17,(anonymous_0)
FN:18,(anonymous_1)
FN:32,(anonymous_2)
FN:40,(anonymous_3)
FN:50,(anonymous_4)
FN:56,(anonymous_5)
FN:66,(anonymous_6)
FN:76,(anonymous_7)
FN:83,(anonymous_8)
FNF:9
FNH:1
FNDA:12,(anonymous_0)
FNDA:0,(anonymous_1)
FNDA:0,(anonymous_2)
FNDA:0,(anonymous_3)
FNDA:0,(anonymous_4)
FNDA:0,(anonymous_5)
FNDA:0,(anonymous_6)
FNDA:0,(anonymous_7)
FNDA:0,(anonymous_8)
DA:6,1
DA:12,1
DA:17,1
DA:18,12
DA:19,0
DA:27,12
DA:32,0
DA:40,0
DA:50,0
DA:56,0
DA:66,0
DA:76,0
DA:83,0
LF:13
LH:5
BRF:0
BRH:0
end_of_record
TN:
SF:src\components\PropertyInputs\ButtonGroup.jsx
FN:3,(anonymous_0)
FN:9,(anonymous_1)
FN:15,(anonymous_2)
FNF:3
FNH:3
FNDA:39,(anonymous_0)
FNDA:101,(anonymous_1)
FNDA:4,(anonymous_2)
DA:3,2
DA:4,39
DA:10,101
DA:15,4
LF:4
LH:4
BRDA:13,0,0,38
BRDA:13,0,1,63
BRDA:18,1,0,101
BRDA:18,1,1,32
BRF:4
BRH:4
end_of_record
TN:
SF:src\components\PropertyInputs\ColorPicker.jsx
FN:3,(anonymous_0)
FN:13,(anonymous_1)
FN:19,(anonymous_2)
FNF:3
FNH:3
FNDA:29,(anonymous_0)
FNDA:1,(anonymous_1)
FNDA:1,(anonymous_2)
DA:3,2
DA:4,29
DA:13,1
DA:19,1
LF:4
LH:4
BRF:0
BRH:0
end_of_record
TN:
SF:src\components\PropertyInputs\NumberInput.jsx
FN:3,(anonymous_0)
FN:16,(anonymous_1)
FN:27,(anonymous_2)
FNF:3
FNH:3
FNDA:74,(anonymous_0)
FNDA:1,(anonymous_1)
FNDA:2,(anonymous_2)
DA:3,2
DA:4,74
DA:16,1
DA:27,2
LF:4
LH:4
BRDA:3,0,0,8
BRDA:3,1,0,9
BRDA:3,2,0,11
BRDA:3,3,0,22
BRDA:11,4,0,74
BRDA:11,4,1,73
BRF:6
BRH:6
end_of_record
TN:
SF:src\components\PropertyInputs\TextInput.jsx
FN:3,(anonymous_0)
FN:12,(anonymous_1)
FN:21,(anonymous_2)
FNF:3
FNH:2
FNDA:31,(anonymous_0)
FNDA:0,(anonymous_1)
FNDA:1,(anonymous_2)
DA:3,2
DA:4,31
DA:12,0
DA:21,1
LF:4
LH:3
BRDA:3,0,0,11
BRDA:3,1,0,16
BRDA:8,2,0,15
BRDA:8,2,1,16
BRF:4
BRH:4
end_of_record
TN:
SF:src\constants\canvas.js
FNF:0
FNH:0
DA:2,4
DA:11,4
DA:20,4
DA:65,4
DA:72,4
LF:5
LH:5
BRF:0
BRH:0
end_of_record
TN:
SF:src\helpers\canvasHelpers.js
FN:4,(anonymous_0)
FN:14,(anonymous_1)
FN:27,(anonymous_2)
FN:39,(anonymous_3)
FN:51,(anonymous_4)
FN:63,(anonymous_5)
FNF:6
FNH:2
FNDA:17,(anonymous_0)
FNDA:17,(anonymous_1)
FNDA:0,(anonymous_2)
FNDA:0,(anonymous_3)
FNDA:0,(anonymous_4)
FNDA:0,(anonymous_5)
DA:4,2
DA:5,17
DA:14,2
DA:15,17
DA:16,17
DA:18,17
DA:27,2
DA:28,0
DA:39,2
DA:40,0
DA:51,2
DA:52,0
DA:63,2
DA:64,0
DA:65,0
DA:66,0
DA:68,0
LF:17
LH:10
BRDA:40,0,0,0
BRDA:40,0,1,0
BRDA:40,0,2,0
BRDA:40,0,3,0
BRDA:65,1,0,0
BRDA:65,1,1,0
BRDA:66,2,0,0
BRDA:66,2,1,0
BRF:8
BRH:0
end_of_record
TN:
SF:src\helpers\componentHelpers.js
FN:8,(anonymous_0)
FN:28,(anonymous_1)
FN:29,(anonymous_2)
FN:33,(anonymous_3)
FN:44,(anonymous_4)
FN:45,(anonymous_5)
FN:50,(anonymous_6)
FN:60,(anonymous_7)
FN:61,(anonymous_8)
FN:76,(anonymous_9)
FN:77,(anonymous_10)
FN:92,(anonymous_11)
FN:93,(anonymous_12)
FNF:13
FNH:1
FNDA:2,(anonymous_0)
FNDA:0,(anonymous_1)
FNDA:0,(anonymous_2)
FNDA:0,(anonymous_3)
FNDA:0,(anonymous_4)
FNDA:0,(anonymous_5)
FNDA:0,(anonymous_6)
FNDA:0,(anonymous_7)
FNDA:0,(anonymous_8)
FNDA:0,(anonymous_9)
FNDA:0,(anonymous_10)
FNDA:0,(anonymous_11)
FNDA:0,(anonymous_12)
DA:8,1
DA:9,2
DA:19,2
DA:28,1
DA:29,0
DA:30,0
DA:32,0
DA:33,0
DA:44,1
DA:45,0
DA:46,0
DA:48,0
DA:50,0
DA:60,1
DA:61,0
DA:62,0
DA:64,0
DA:65,0
DA:67,0
DA:76,1
DA:77,0
DA:78,0
DA:80,0
DA:81,0
DA:83,0
DA:92,1
DA:93,0
LF:27
LH:8
BRDA:8,0,0,2
BRDA:8,1,0,2
BRDA:30,2,0,0
BRDA:30,2,1,0
BRDA:46,3,0,0
BRDA:46,3,1,0
BRDA:62,4,0,0
BRDA:62,4,1,0
BRDA:62,5,0,0
BRDA:62,5,1,0
BRDA:78,6,0,0
BRDA:78,6,1,0
BRDA:78,7,0,0
BRDA:78,7,1,0
BRF:14
BRH:2
end_of_record
TN:
SF:src\helpers\exportHelpers.js
FN:8,(anonymous_0)
FN:84,(anonymous_1)
FN:112,(anonymous_2)
FN:117,(anonymous_3)
FN:169,(anonymous_4)
FN:174,(anonymous_5)
FN:188,(anonymous_6)
FN:213,(anonymous_7)
FN:243,(anonymous_8)
FN:264,(anonymous_9)
FN:283,(anonymous_10)
FNF:11
FNH:7
FNDA:13,(anonymous_0)
FNDA:13,(anonymous_1)
FNDA:14,(anonymous_2)
FNDA:13,(anonymous_3)
FNDA:5,(anonymous_4)
FNDA:7,(anonymous_5)
FNDA:6,(anonymous_6)
FNDA:0,(anonymous_7)
FNDA:0,(anonymous_8)
FNDA:0,(anonymous_9)
FNDA:0,(anonymous_10)
DA:8,2
DA:9,13
DA:10,13
DA:13,13
DA:14,13
DA:16,13
DA:17,13
DA:18,13
DA:19,13
DA:21,13
DA:23,7
DA:24,7
DA:25,7
DA:26,7
DA:27,7
DA:28,7
DA:29,7
DA:30,7
DA:31,7
DA:32,7
DA:33,7
DA:34,7
DA:35,7
DA:38,1
DA:39,1
DA:40,1
DA:41,1
DA:42,1
DA:43,1
DA:44,1
DA:45,1
DA:46,1
DA:47,1
DA:48,1
DA:51,3
DA:52,3
DA:53,3
DA:54,3
DA:55,3
DA:56,3
DA:57,3
DA:60,1
DA:61,1
DA:62,1
DA:63,1
DA:64,1
DA:67,1
DA:68,1
DA:69,1
DA:70,1
DA:71,1
DA:72,1
DA:73,1
DA:74,1
DA:77,13
DA:78,13
DA:84,2
DA:85,13
DA:87,13
DA:89,7
DA:92,1
DA:95,3
DA:98,1
DA:101,1
DA:102,1
DA:105,0
DA:112,2
DA:113,14
DA:114,14
DA:116,14
DA:117,12
DA:118,13
DA:119,13
DA:120,13
DA:124,14
DA:163,14
DA:169,2
DA:170,5
DA:174,7
DA:182,5
DA:188,2
DA:189,6
DA:190,6
DA:192,5
DA:193,1
DA:196,4
DA:197,1
DA:200,3
DA:205,3
DA:206,3
DA:213,2
DA:214,0
DA:215,0
DA:216,0
DA:217,0
DA:220,0
DA:221,0
DA:222,0
DA:223,0
DA:224,0
DA:225,0
DA:226,0
DA:227,0
DA:229,0
DA:230,0
DA:232,0
DA:235,0
DA:236,0
DA:243,2
DA:244,0
DA:245,0
DA:246,0
DA:247,0
DA:248,0
DA:249,0
DA:250,0
DA:251,0
DA:252,0
DA:253,0
DA:254,0
DA:256,0
DA:257,0
DA:264,2
DA:265,0
DA:266,0
DA:267,0
DA:268,0
DA:269,0
DA:270,0
DA:271,0
DA:273,0
DA:275,0
DA:276,0
DA:283,2
DA:284,0
DA:285,0
LF:136
LH:93
BRDA:13,0,0,13
BRDA:13,0,1,0
BRDA:14,1,0,13
BRDA:14,1,1,0
BRDA:21,2,0,7
BRDA:21,2,1,1
BRDA:21,2,2,3
BRDA:21,2,3,1
BRDA:21,2,4,1
BRDA:23,3,0,7
BRDA:23,3,1,0
BRDA:38,4,0,1
BRDA:38,4,1,0
BRDA:87,5,0,7
BRDA:87,5,1,1
BRDA:87,5,2,3
BRDA:87,5,3,1
BRDA:87,5,4,1
BRDA:87,5,5,0
BRDA:101,6,0,1
BRDA:101,6,1,0
BRDA:112,7,0,0
BRDA:112,8,0,0
BRDA:116,9,0,12
BRDA:116,9,1,2
BRDA:116,10,0,14
BRDA:116,10,1,14
BRDA:169,11,0,0
BRDA:192,12,0,1
BRDA:192,12,1,4
BRDA:192,13,0,5
BRDA:192,13,1,4
BRDA:196,14,0,1
BRDA:196,14,1,3
BRDA:215,15,0,0
BRDA:215,15,1,0
BRDA:215,16,0,0
BRDA:215,16,1,0
BRDA:243,17,0,0
BRDA:267,18,0,0
BRDA:267,18,1,0
BRDA:283,19,0,0
BRDA:283,20,0,0
BRF:43
BRH:25
end_of_record
TN:
SF:src\hooks\useHistory.js
FN:9,(anonymous_0)
FN:18,(anonymous_1)
FN:19,(anonymous_2)
FN:41,(anonymous_3)
FN:50,(anonymous_4)
FN:59,(anonymous_5)
FNF:6
FNH:3
FNDA:65,(anonymous_0)
FNDA:21,(anonymous_1)
FNDA:21,(anonymous_2)
FNDA:0,(anonymous_3)
FNDA:0,(anonymous_4)
FNDA:0,(anonymous_5)
DA:9,1
DA:10,65
DA:11,65
DA:13,65
DA:18,65
DA:19,21
DA:21,21
DA:24,21
DA:27,21
DA:28,0
DA:29,0
DA:31,21
DA:34,21
DA:41,65
DA:42,0
DA:43,0
DA:50,65
DA:51,0
DA:52,0
DA:59,65
DA:60,0
DA:61,0
DA:64,65
LF:23
LH:15
BRDA:9,0,0,65
BRDA:27,1,0,0
BRDA:27,1,1,21
BRDA:42,2,0,0
BRDA:42,2,1,0
BRDA:51,3,0,0
BRDA:51,3,1,0
BRF:7
BRH:2
end_of_record
